0 verbose cli /usr/local/bin/node /usr/local/bin/npm
1 info using npm@10.9.3
2 info using node@v22.19.0
3 silly config load:file:/usr/local/lib/node_modules/npm/npmrc
4 silly config load:file:/Users/sohee/Documents/supabase/.npmrc
5 silly config load:file:/Users/sohee/.npmrc
6 silly config load:file:/usr/local/etc/npmrc
7 verbose title npm i @supabase/supabase-js@2
8 verbose argv "i" "@supabase/supabase-js@2" "--save-exact"
9 verbose logfile logs-max:10 dir:/Users/sohee/Documents/supabase/.npm-cache/_logs/2025-10-30T02_52_12_255Z-
10 verbose logfile /Users/sohee/Documents/supabase/.npm-cache/_logs/2025-10-30T02_52_12_255Z-debug-0.log
11 silly logfile done cleaning log files
12 silly packumentCache heap:4345298944 maxSize:1086324736 maxEntrySize:543162368
13 silly idealTree buildDeps
14 silly fetch manifest @supabase/supabase-js@2
15 silly packumentCache full:https://registry.npmjs.org/@supabase%2fsupabase-js cache-miss
16 http fetch GET 200 https://registry.npmjs.org/npm 172ms
17 http fetch GET 200 https://registry.npmjs.org/@supabase%2fsupabase-js 354ms (cache miss)
18 silly packumentCache full:https://registry.npmjs.org/@supabase%2fsupabase-js set size:undefined disposed:false
19 silly placeDep ROOT @supabase/supabase-js@2.77.0 OK for: triptalk@0.1.0 want: 2
20 silly fetch manifest @supabase/auth-js@2.77.0
21 silly packumentCache full:https://registry.npmjs.org/@supabase%2fauth-js cache-miss
22 silly fetch manifest @supabase/node-fetch@2.6.15
23 silly packumentCache full:https://registry.npmjs.org/@supabase%2fnode-fetch cache-miss
24 silly fetch manifest @supabase/storage-js@2.77.0
25 silly packumentCache full:https://registry.npmjs.org/@supabase%2fstorage-js cache-miss
26 silly fetch manifest @supabase/realtime-js@2.77.0
27 silly packumentCache full:https://registry.npmjs.org/@supabase%2frealtime-js cache-miss
28 silly fetch manifest @supabase/functions-js@2.77.0
29 silly packumentCache full:https://registry.npmjs.org/@supabase%2ffunctions-js cache-miss
30 silly fetch manifest @supabase/postgrest-js@2.77.0
31 silly packumentCache full:https://registry.npmjs.org/@supabase%2fpostgrest-js cache-miss
32 http fetch GET 200 https://registry.npmjs.org/@supabase%2fnode-fetch 44ms (cache miss)
33 silly packumentCache full:https://registry.npmjs.org/@supabase%2fnode-fetch set size:undefined disposed:false
34 http fetch GET 200 https://registry.npmjs.org/@supabase%2fstorage-js 78ms (cache miss)
35 silly packumentCache full:https://registry.npmjs.org/@supabase%2fstorage-js set size:undefined disposed:false
36 http fetch GET 200 https://registry.npmjs.org/@supabase%2fauth-js 80ms (cache miss)
37 silly packumentCache full:https://registry.npmjs.org/@supabase%2fauth-js set size:undefined disposed:false
38 http fetch GET 200 https://registry.npmjs.org/@supabase%2ffunctions-js 81ms (cache miss)
39 silly packumentCache full:https://registry.npmjs.org/@supabase%2ffunctions-js set size:undefined disposed:false
40 http fetch GET 200 https://registry.npmjs.org/@supabase%2fpostgrest-js 112ms (cache miss)
41 silly packumentCache full:https://registry.npmjs.org/@supabase%2fpostgrest-js set size:undefined disposed:false
42 http fetch GET 200 https://registry.npmjs.org/@supabase%2frealtime-js 337ms (cache miss)
43 silly packumentCache full:https://registry.npmjs.org/@supabase%2frealtime-js set size:undefined disposed:false
44 silly placeDep ROOT @supabase/auth-js@2.77.0 OK for: @supabase/supabase-js@2.77.0 want: 2.77.0
45 silly placeDep ROOT @supabase/functions-js@2.77.0 OK for: @supabase/supabase-js@2.77.0 want: 2.77.0
46 silly placeDep ROOT @supabase/node-fetch@2.6.15 OK for: @supabase/supabase-js@2.77.0 want: 2.6.15
47 silly placeDep ROOT @supabase/postgrest-js@2.77.0 OK for: @supabase/supabase-js@2.77.0 want: 2.77.0
48 silly placeDep ROOT @supabase/realtime-js@2.77.0 OK for: @supabase/supabase-js@2.77.0 want: 2.77.0
49 silly placeDep ROOT @supabase/storage-js@2.77.0 OK for: @supabase/supabase-js@2.77.0 want: 2.77.0
50 silly fetch manifest whatwg-url@^5.0.0
51 silly packumentCache full:https://registry.npmjs.org/whatwg-url cache-miss
52 silly fetch manifest ws@^8.18.2
53 silly packumentCache full:https://registry.npmjs.org/ws cache-miss
54 silly fetch manifest @types/ws@^8.18.1
55 silly packumentCache full:https://registry.npmjs.org/@types%2fws cache-miss
56 silly fetch manifest @types/phoenix@^1.6.6
57 silly packumentCache full:https://registry.npmjs.org/@types%2fphoenix cache-miss
58 http fetch GET 200 https://registry.npmjs.org/ws 39ms (cache miss)
59 silly packumentCache full:https://registry.npmjs.org/ws set size:undefined disposed:false
60 http fetch GET 200 https://registry.npmjs.org/@types%2fphoenix 45ms (cache miss)
61 silly packumentCache full:https://registry.npmjs.org/@types%2fphoenix set size:undefined disposed:false
62 http fetch GET 200 https://registry.npmjs.org/whatwg-url 48ms (cache miss)
63 silly packumentCache full:https://registry.npmjs.org/whatwg-url set size:undefined disposed:false
64 http fetch GET 200 https://registry.npmjs.org/@types%2fws 63ms (cache miss)
65 silly packumentCache full:https://registry.npmjs.org/@types%2fws set size:undefined disposed:false
66 silly placeDep ROOT whatwg-url@5.0.0 OK for: @supabase/node-fetch@2.6.15 want: ^5.0.0
67 silly fetch manifest tr46@~0.0.3
68 silly packumentCache full:https://registry.npmjs.org/tr46 cache-miss
69 silly fetch manifest webidl-conversions@^3.0.0
70 silly packumentCache full:https://registry.npmjs.org/webidl-conversions cache-miss
71 http fetch GET 200 https://registry.npmjs.org/tr46 34ms (cache miss)
72 silly packumentCache full:https://registry.npmjs.org/tr46 set size:undefined disposed:false
73 http fetch GET 200 https://registry.npmjs.org/webidl-conversions 97ms (cache miss)
74 silly packumentCache full:https://registry.npmjs.org/webidl-conversions set size:undefined disposed:false
75 silly fetch manifest bufferutil@^4.0.1
76 silly packumentCache full:https://registry.npmjs.org/bufferutil cache-miss
77 http fetch GET 200 https://registry.npmjs.org/bufferutil 32ms (cache miss)
78 silly packumentCache full:https://registry.npmjs.org/bufferutil set size:undefined disposed:false
79 silly fetch manifest utf-8-validate@>=5.0.2
80 silly packumentCache full:https://registry.npmjs.org/utf-8-validate cache-miss
81 http fetch GET 200 https://registry.npmjs.org/utf-8-validate 30ms (cache miss)
82 silly packumentCache full:https://registry.npmjs.org/utf-8-validate set size:undefined disposed:false
83 silly placeDep ROOT @types/phoenix@1.6.6 OK for: @supabase/realtime-js@2.77.0 want: ^1.6.6
84 silly placeDep ROOT @types/ws@8.18.1 OK for: @supabase/realtime-js@2.77.0 want: ^8.18.1
85 silly placeDep ROOT ws@8.18.3 OK for: @supabase/realtime-js@2.77.0 want: ^8.18.2
86 silly placeDep ROOT tr46@0.0.3 OK for: whatwg-url@5.0.0 want: ~0.0.3
87 silly placeDep ROOT webidl-conversions@3.0.1 OK for: whatwg-url@5.0.0 want: ^3.0.0
88 silly reify moves {}
89 verbose reify failed optional dependency /Users/sohee/Documents/supabase/node_modules/@tailwindcss/oxide-wasm32-wasi
90 silly reify mark deleted [
90 silly reify   '/Users/sohee/Documents/supabase/node_modules/@tailwindcss/oxide-wasm32-wasi'
90 silly reify ]
91 silly audit bulk request {
91 silly audit   '@alloc/quick-lru': [ '5.2.0' ],
91 silly audit   '@apollo/client': [ '4.0.7' ],
91 silly audit   '@emnapi/core': [ '1.6.0' ],
91 silly audit   '@emnapi/runtime': [ '1.6.0' ],
91 silly audit   '@emnapi/wasi-threads': [ '1.1.0' ],
91 silly audit   '@eslint-community/eslint-utils': [ '4.9.0' ],
91 silly audit   '@eslint-community/regexpp': [ '4.12.2' ],
91 silly audit   '@eslint/eslintrc': [ '2.1.4' ],
91 silly audit   '@eslint/js': [ '8.57.1' ],
91 silly audit   '@graphql-typed-document-node/core': [ '3.2.0' ],
91 silly audit   '@hookform/resolvers': [ '5.2.2' ],
91 silly audit   '@humanwhocodes/config-array': [ '0.13.0' ],
91 silly audit   '@humanwhocodes/module-importer': [ '1.0.1' ],
91 silly audit   '@humanwhocodes/object-schema': [ '2.0.3' ],
91 silly audit   '@isaacs/cliui': [ '8.0.2' ],
91 silly audit   'ansi-regex': [ '6.2.2', '5.0.1' ],
91 silly audit   'strip-ansi': [ '7.1.2', '6.0.1' ],
91 silly audit   '@jridgewell/gen-mapping': [ '0.3.13' ],
91 silly audit   '@jridgewell/remapping': [ '2.3.5' ],
91 silly audit   '@jridgewell/resolve-uri': [ '3.1.2' ],
91 silly audit   '@jridgewell/sourcemap-codec': [ '1.5.5' ],
91 silly audit   '@jridgewell/trace-mapping': [ '0.3.31' ],
91 silly audit   '@napi-rs/wasm-runtime': [ '0.2.12' ],
91 silly audit   '@next/env': [ '14.2.32' ],
91 silly audit   '@next/eslint-plugin-next': [ '14.2.32' ],
91 silly audit   '@next/swc-darwin-arm64': [ '14.2.32' ],
91 silly audit   '@next/swc-darwin-x64': [ '14.2.32' ],
91 silly audit   '@next/swc-linux-arm64-gnu': [ '14.2.32' ],
91 silly audit   '@next/swc-linux-arm64-musl': [ '14.2.32' ],
91 silly audit   '@next/swc-linux-x64-gnu': [ '14.2.32' ],
91 silly audit   '@next/swc-linux-x64-musl': [ '14.2.32' ],
91 silly audit   '@next/swc-win32-arm64-msvc': [ '14.2.32' ],
91 silly audit   '@next/swc-win32-ia32-msvc': [ '14.2.32' ],
91 silly audit   '@next/swc-win32-x64-msvc': [ '14.2.32' ],
91 silly audit   '@nodelib/fs.scandir': [ '2.1.5' ],
91 silly audit   '@nodelib/fs.stat': [ '2.0.5' ],
91 silly audit   '@nodelib/fs.walk': [ '1.2.8' ],
91 silly audit   '@nolyfill/is-core-module': [ '1.0.39' ],
91 silly audit   '@pkgjs/parseargs': [ '0.11.0' ],
91 silly audit   '@playwright/test': [ '1.56.1' ],
91 silly audit   '@rtsao/scc': [ '1.1.0' ],
91 silly audit   '@rushstack/eslint-patch': [ '1.14.1' ],
91 silly audit   '@standard-schema/utils': [ '0.3.0' ],
91 silly audit   '@swc/counter': [ '0.1.3' ],
91 silly audit   '@swc/helpers': [ '0.5.5' ],
91 silly audit   '@tailwindcss/node': [ '4.1.16' ],
91 silly audit   '@tailwindcss/oxide': [ '4.1.16' ],
91 silly audit   '@tailwindcss/oxide-android-arm64': [ '4.1.16' ],
91 silly audit   '@tailwindcss/oxide-darwin-arm64': [ '4.1.16' ],
91 silly audit   '@tailwindcss/oxide-darwin-x64': [ '4.1.16' ],
91 silly audit   '@tailwindcss/oxide-freebsd-x64': [ '4.1.16' ],
91 silly audit   '@tailwindcss/oxide-linux-arm-gnueabihf': [ '4.1.16' ],
91 silly audit   '@tailwindcss/oxide-linux-arm64-gnu': [ '4.1.16' ],
91 silly audit   '@tailwindcss/oxide-linux-arm64-musl': [ '4.1.16' ],
91 silly audit   '@tailwindcss/oxide-linux-x64-gnu': [ '4.1.16' ],
91 silly audit   '@tailwindcss/oxide-linux-x64-musl': [ '4.1.16' ],
91 silly audit   '@tailwindcss/oxide-win32-arm64-msvc': [ '4.1.16' ],
91 silly audit   '@tailwindcss/oxide-win32-x64-msvc': [ '4.1.16' ],
91 silly audit   '@tailwindcss/postcss': [ '4.1.16' ],
91 silly audit   '@tybys/wasm-util': [ '0.10.1' ],
91 silly audit   '@types/json5': [ '0.0.29' ],
91 silly audit   '@types/node': [ '20.19.23' ],
91 silly audit   '@types/prop-types': [ '15.7.15' ],
91 silly audit   '@types/react': [ '18.3.26' ],
91 silly audit   '@types/react-dom': [ '18.3.7' ],
91 silly audit   '@typescript-eslint/eslint-plugin': [ '8.46.2' ],
91 silly audit   ignore: [ '7.0.5', '5.3.2' ],
91 silly audit   '@typescript-eslint/parser': [ '8.46.2' ],
91 silly audit   '@typescript-eslint/project-service': [ '8.46.2' ],
91 silly audit   '@typescript-eslint/scope-manager': [ '8.46.2' ],
91 silly audit   '@typescript-eslint/tsconfig-utils': [ '8.46.2' ],
91 silly audit   '@typescript-eslint/type-utils': [ '8.46.2' ],
91 silly audit   '@typescript-eslint/types': [ '8.46.2' ],
91 silly audit   '@typescript-eslint/typescript-estree': [ '8.46.2' ],
91 silly audit   'brace-expansion': [ '2.0.2', '1.1.12' ],
91 silly audit   minimatch: [ '9.0.5', '3.1.2' ],
91 silly audit   '@typescript-eslint/utils': [ '8.46.2' ],
91 silly audit   '@typescript-eslint/visitor-keys': [ '8.46.2' ],
91 silly audit   'eslint-visitor-keys': [ '4.2.1', '3.4.3' ],
91 silly audit   '@ungap/structured-clone': [ '1.3.0' ],
91 silly audit   '@unrs/resolver-binding-android-arm-eabi': [ '1.11.1' ],
91 silly audit   '@unrs/resolver-binding-android-arm64': [ '1.11.1' ],
91 silly audit   '@unrs/resolver-binding-darwin-arm64': [ '1.11.1' ],
91 silly audit   '@unrs/resolver-binding-darwin-x64': [ '1.11.1' ],
91 silly audit   '@unrs/resolver-binding-freebsd-x64': [ '1.11.1' ],
91 silly audit   '@unrs/resolver-binding-linux-arm-gnueabihf': [ '1.11.1' ],
91 silly audit   '@unrs/resolver-binding-linux-arm-musleabihf': [ '1.11.1' ],
91 silly audit   '@unrs/resolver-binding-linux-arm64-gnu': [ '1.11.1' ],
91 silly audit   '@unrs/resolver-binding-linux-arm64-musl': [ '1.11.1' ],
91 silly audit   '@unrs/resolver-binding-linux-ppc64-gnu': [ '1.11.1' ],
91 silly audit   '@unrs/resolver-binding-linux-riscv64-gnu': [ '1.11.1' ],
91 silly audit   '@unrs/resolver-binding-linux-riscv64-musl': [ '1.11.1' ],
91 silly audit   '@unrs/resolver-binding-linux-s390x-gnu': [ '1.11.1' ],
91 silly audit   '@unrs/resolver-binding-linux-x64-gnu': [ '1.11.1' ],
91 silly audit   '@unrs/resolver-binding-linux-x64-musl': [ '1.11.1' ],
91 silly audit   '@unrs/resolver-binding-wasm32-wasi': [ '1.11.1' ],
91 silly audit   '@unrs/resolver-binding-win32-arm64-msvc': [ '1.11.1' ],
91 silly audit   '@unrs/resolver-binding-win32-ia32-msvc': [ '1.11.1' ],
91 silly audit   '@unrs/resolver-binding-win32-x64-msvc': [ '1.11.1' ],
91 silly audit   '@wry/caches': [ '1.0.1' ],
91 silly audit   '@wry/context': [ '0.7.4' ],
91 silly audit   '@wry/equality': [ '0.5.7' ],
91 silly audit   '@wry/trie': [ '0.5.0' ],
91 silly audit   acorn: [ '8.15.0' ],
91 silly audit   'acorn-jsx': [ '5.3.2' ],
91 silly audit   ajv: [ '6.12.6' ],
91 silly audit   'ansi-styles': [ '4.3.0', '6.2.3' ],
91 silly audit   argparse: [ '2.0.1' ],
91 silly audit   'aria-query': [ '5.3.2' ],
91 silly audit   'array-buffer-byte-length': [ '1.0.2' ],
91 silly audit   'array-includes': [ '3.1.9' ],
91 silly audit   'array.prototype.findlast': [ '1.2.5' ],
91 silly audit   'array.prototype.findlastindex': [ '1.2.6' ],
91 silly audit   'array.prototype.flat': [ '1.3.3' ],
91 silly audit   'array.prototype.flatmap': [ '1.3.3' ],
91 silly audit   'array.prototype.tosorted': [ '1.1.4' ],
91 silly audit   'arraybuffer.prototype.slice': [ '1.0.4' ],
91 silly audit   'ast-types-flow': [ '0.0.8' ],
91 silly audit   'async-function': [ '1.0.0' ],
91 silly audit   autoprefixer: [ '10.4.21' ],
91 silly audit   'available-typed-arrays': [ '1.0.7' ],
91 silly audit   'axe-core': [ '4.11.0' ],
91 silly audit   'axobject-query': [ '4.1.0' ],
91 silly audit   'balanced-match': [ '1.0.2' ],
91 silly audit   'baseline-browser-mapping': [ '2.8.20' ],
91 silly audit   braces: [ '3.0.3' ],
91 silly audit   browserslist: [ '4.27.0' ],
91 silly audit   busboy: [ '1.6.0' ],
91 silly audit   'call-bind': [ '1.0.8' ],
91 silly audit   'call-bind-apply-helpers': [ '1.0.2' ],
91 silly audit   'call-bound': [ '1.0.4' ],
91 silly audit   callsites: [ '3.1.0' ],
91 silly audit   'caniuse-lite': [ '1.0.30001751' ],
91 silly audit   chalk: [ '4.1.2' ],
91 silly audit   'client-only': [ '0.0.1' ],
91 silly audit   'color-convert': [ '2.0.1' ],
91 silly audit   'color-name': [ '1.1.4' ],
91 silly audit   'concat-map': [ '0.0.1' ],
91 silly audit   'cross-spawn': [ '7.0.6' ],
91 silly audit   csstype: [ '3.1.3' ],
91 silly audit   'damerau-levenshtein': [ '1.0.8' ],
91 silly audit   'data-view-buffer': [ '1.0.2' ],
91 silly audit   'data-view-byte-length': [ '1.0.2' ],
91 silly audit   'data-view-byte-offset': [ '1.0.1' ],
91 silly audit   debug: [ '4.4.3', '3.2.7' ],
91 silly audit   'deep-is': [ '0.1.4' ],
91 silly audit   'define-data-property': [ '1.1.4' ],
91 silly audit   'define-properties': [ '1.2.1' ],
91 silly audit   'detect-libc': [ '2.1.2' ],
91 silly audit   doctrine: [ '3.0.0', '2.1.0' ],
91 silly audit   'dunder-proto': [ '1.0.1' ],
91 silly audit   eastasianwidth: [ '0.2.0' ],
91 silly audit   'electron-to-chromium': [ '1.5.240' ],
91 silly audit   'emoji-regex': [ '9.2.2', '8.0.0' ],
91 silly audit   'enhanced-resolve': [ '5.18.3' ],
91 silly audit   'es-abstract': [ '1.24.0' ],
91 silly audit   'es-define-property': [ '1.0.1' ],
91 silly audit   'es-errors': [ '1.3.0' ],
91 silly audit   'es-iterator-helpers': [ '1.2.1' ],
91 silly audit   'es-object-atoms': [ '1.1.1' ],
91 silly audit   'es-set-tostringtag': [ '2.1.0' ],
91 silly audit   'es-shim-unscopables': [ '1.1.0' ],
91 silly audit   'es-to-primitive': [ '1.3.0' ],
91 silly audit   escalade: [ '3.2.0' ],
91 silly audit   'escape-string-regexp': [ '4.0.0' ],
91 silly audit   eslint: [ '8.57.1' ],
91 silly audit   'eslint-config-next': [ '14.2.32' ],
91 silly audit   'eslint-import-resolver-node': [ '0.3.9' ],
91 silly audit   'eslint-import-resolver-typescript': [ '3.10.1' ],
91 silly audit   'eslint-module-utils': [ '2.12.1' ],
91 silly audit   'eslint-plugin-import': [ '2.32.0' ],
91 silly audit   semver: [ '6.3.1', '7.7.3' ],
91 silly audit   'eslint-plugin-jsx-a11y': [ '6.10.2' ],
91 silly audit   'eslint-plugin-react': [ '7.37.5' ],
91 silly audit   'eslint-plugin-react-hooks': [ '5.0.0-canary-7118f5dd7-20230705' ],
91 silly audit   resolve: [ '2.0.0-next.5', '1.22.11' ],
91 silly audit   'eslint-scope': [ '7.2.2' ],
91 silly audit   espree: [ '9.6.1' ],
91 silly audit   esquery: [ '1.6.0' ],
91 silly audit   esrecurse: [ '4.3.0' ],
91 silly audit   estraverse: [ '5.3.0' ],
91 silly audit   esutils: [ '2.0.3' ],
91 silly audit   'fast-deep-equal': [ '3.1.3' ],
91 silly audit   'fast-glob': [ '3.3.3' ],
91 silly audit   'glob-parent': [ '5.1.2', '6.0.2' ],
91 silly audit   'fast-json-stable-stringify': [ '2.1.0' ],
91 silly audit   'fast-levenshtein': [ '2.0.6' ],
91 silly audit   fastq: [ '1.19.1' ],
91 silly audit   'file-entry-cache': [ '6.0.1' ],
91 silly audit   'fill-range': [ '7.1.1' ],
91 silly audit   'find-up': [ '5.0.0' ],
91 silly audit   'flat-cache': [ '3.2.0' ],
91 silly audit   flatted: [ '3.3.3' ],
91 silly audit   'for-each': [ '0.3.5' ],
91 silly audit   'foreground-child': [ '3.3.1' ],
91 silly audit   'fraction.js': [ '4.3.7' ],
91 silly audit   'fs.realpath': [ '1.0.0' ],
91 silly audit   fsevents: [ '2.3.2' ],
91 silly audit   'function-bind': [ '1.1.2' ],
91 silly audit   'function.prototype.name': [ '1.1.8' ],
91 silly audit   'functions-have-names': [ '1.2.3' ],
91 silly audit   'generator-function': [ '2.0.1' ],
91 silly audit   'get-intrinsic': [ '1.3.0' ],
91 silly audit   'get-proto': [ '1.0.1' ],
91 silly audit   'get-symbol-description': [ '1.1.0' ],
91 silly audit   'get-tsconfig': [ '4.13.0' ],
91 silly audit   glob: [ '10.3.10', '7.2.3' ],
91 silly audit   globals: [ '13.24.0' ],
91 silly audit   globalthis: [ '1.0.4' ],
91 silly audit   gopd: [ '1.2.0' ],
91 silly audit   'graceful-fs': [ '4.2.11' ],
91 silly audit   graphemer: [ '1.4.0' ],
91 silly audit   graphql: [ '16.11.0' ],
91 silly audit   'graphql-tag': [ '2.12.6' ],
91 silly audit   'has-bigints': [ '1.1.0' ],
91 silly audit   'has-flag': [ '4.0.0' ],
91 silly audit   'has-property-descriptors': [ '1.0.2' ],
91 silly audit   'has-proto': [ '1.2.0' ],
91 silly audit   'has-symbols': [ '1.1.0' ],
91 silly audit   'has-tostringtag': [ '1.0.2' ],
91 silly audit   hasown: [ '2.0.2' ],
91 silly audit   'import-fresh': [ '3.3.1' ],
91 silly audit   imurmurhash: [ '0.1.4' ],
91 silly audit   inflight: [ '1.0.6' ],
91 silly audit   inherits: [ '2.0.4' ],
91 silly audit   'internal-slot': [ '1.1.0' ],
91 silly audit   'is-array-buffer': [ '3.0.5' ],
91 silly audit   'is-async-function': [ '2.1.1' ],
91 silly audit   'is-bigint': [ '1.1.0' ],
91 silly audit   'is-boolean-object': [ '1.2.2' ],
91 silly audit   'is-bun-module': [ '2.0.0' ],
91 silly audit   'is-callable': [ '1.2.7' ],
91 silly audit   'is-core-module': [ '2.16.1' ],
91 silly audit   'is-data-view': [ '1.0.2' ],
91 silly audit   'is-date-object': [ '1.1.0' ],
91 silly audit   'is-extglob': [ '2.1.1' ],
91 silly audit   'is-finalizationregistry': [ '1.1.1' ],
91 silly audit   'is-fullwidth-code-point': [ '3.0.0' ],
91 silly audit   'is-generator-function': [ '1.1.2' ],
91 silly audit   'is-glob': [ '4.0.3' ],
91 silly audit   'is-map': [ '2.0.3' ],
91 silly audit   'is-negative-zero': [ '2.0.3' ],
91 silly audit   'is-number': [ '7.0.0' ],
91 silly audit   'is-number-object': [ '1.1.1' ],
91 silly audit   'is-path-inside': [ '3.0.3' ],
91 silly audit   'is-regex': [ '1.2.1' ],
91 silly audit   'is-set': [ '2.0.3' ],
91 silly audit   'is-shared-array-buffer': [ '1.0.4' ],
91 silly audit   'is-string': [ '1.1.1' ],
91 silly audit   'is-symbol': [ '1.1.1' ],
91 silly audit   'is-typed-array': [ '1.1.15' ],
91 silly audit   'is-weakmap': [ '2.0.2' ],
91 silly audit   'is-weakref': [ '1.1.1' ],
91 silly audit   'is-weakset': [ '2.0.4' ],
91 silly audit   isarray: [ '2.0.5' ],
91 silly audit   isexe: [ '2.0.0' ],
91 silly audit   'iterator.prototype': [ '1.1.5' ],
91 silly audit   jackspeak: [ '2.3.6' ],
91 silly audit   jiti: [ '2.6.1' ],
91 silly audit   'js-tokens': [ '4.0.0' ],
91 silly audit   'js-yaml': [ '4.1.0' ],
91 silly audit   'json-buffer': [ '3.0.1' ],
91 silly audit   'json-schema-traverse': [ '0.4.1' ],
91 silly audit   'json-stable-stringify-without-jsonify': [ '1.0.1' ],
91 silly audit   json5: [ '1.0.2' ],
91 silly audit   'jsx-ast-utils': [ '3.3.5' ],
91 silly audit   keyv: [ '4.5.4' ],
91 silly audit   'language-subtag-registry': [ '0.3.23' ],
91 silly audit   'language-tags': [ '1.0.9' ],
91 silly audit   levn: [ '0.4.1' ],
91 silly audit   lightningcss: [ '1.30.2' ],
91 silly audit   'lightningcss-android-arm64': [ '1.30.2' ],
91 silly audit   'lightningcss-darwin-arm64': [ '1.30.2' ],
91 silly audit   'lightningcss-darwin-x64': [ '1.30.2' ],
91 silly audit   'lightningcss-freebsd-x64': [ '1.30.2' ],
91 silly audit   'lightningcss-linux-arm-gnueabihf': [ '1.30.2' ],
91 silly audit   'lightningcss-linux-arm64-gnu': [ '1.30.2' ],
91 silly audit   'lightningcss-linux-arm64-musl': [ '1.30.2' ],
91 silly audit   'lightningcss-linux-x64-gnu': [ '1.30.2' ],
91 silly audit   'lightningcss-linux-x64-musl': [ '1.30.2' ],
91 silly audit   'lightningcss-win32-arm64-msvc': [ '1.30.2' ],
91 silly audit   'lightningcss-win32-x64-msvc': [ '1.30.2' ],
91 silly audit   'locate-path': [ '6.0.0' ],
91 silly audit   'lodash.merge': [ '4.6.2' ],
91 silly audit   'loose-envify': [ '1.4.0' ],
91 silly audit   'lru-cache': [ '10.4.3' ],
91 silly audit   'magic-string': [ '0.30.21' ],
91 silly audit   'math-intrinsics': [ '1.1.0' ],
91 silly audit   merge2: [ '1.4.1' ],
91 silly audit   micromatch: [ '4.0.8' ],
91 silly audit   minimist: [ '1.2.8' ],
91 silly audit   minipass: [ '7.1.2' ],
91 silly audit   ms: [ '2.1.3' ],
91 silly audit   nanoid: [ '3.3.11' ],
91 silly audit   'napi-postinstall': [ '0.3.4' ],
91 silly audit   'natural-compare': [ '1.4.0' ],
91 silly audit   next: [ '14.2.32' ],
91 silly audit   postcss: [ '8.4.31', '8.5.6' ],
91 silly audit   'node-releases': [ '2.0.26' ],
91 silly audit   'normalize-range': [ '0.1.2' ],
91 silly audit   'object-assign': [ '4.1.1' ],
91 silly audit   'object-inspect': [ '1.13.4' ],
91 silly audit   'object-keys': [ '1.1.1' ],
91 silly audit   'object.assign': [ '4.1.7' ],
91 silly audit   'object.entries': [ '1.1.9' ],
91 silly audit   'object.fromentries': [ '2.0.8' ],
91 silly audit   'object.groupby': [ '1.0.3' ],
91 silly audit   'object.values': [ '1.2.1' ],
91 silly audit   once: [ '1.4.0' ],
91 silly audit   optimism: [ '0.18.1' ],
91 silly audit   optionator: [ '0.9.4' ],
91 silly audit   'own-keys': [ '1.0.1' ],
91 silly audit   'p-limit': [ '3.1.0' ],
91 silly audit   'p-locate': [ '5.0.0' ],
91 silly audit   'parent-module': [ '1.0.1' ],
91 silly audit   'path-exists': [ '4.0.0' ],
91 silly audit   'path-is-absolute': [ '1.0.1' ],
91 silly audit   'path-key': [ '3.1.1' ],
91 silly audit   'path-parse': [ '1.0.7' ],
91 silly audit   'path-scurry': [ '1.11.1' ],
91 silly audit   picocolors: [ '1.1.1' ],
91 silly audit   picomatch: [ '2.3.1', '4.0.3' ],
91 silly audit   playwright: [ '1.56.1' ],
91 silly audit   'playwright-core': [ '1.56.1' ],
91 silly audit   'possible-typed-array-names': [ '1.1.0' ],
91 silly audit   'postcss-value-parser': [ '4.2.0' ],
91 silly audit   'prelude-ls': [ '1.2.1' ],
91 silly audit   'prop-types': [ '15.8.1' ],
91 silly audit   punycode: [ '2.3.1' ],
91 silly audit   'queue-microtask': [ '1.2.3' ],
91 silly audit   react: [ '18.3.1' ],
91 silly audit   'react-dom': [ '18.3.1' ],
91 silly audit   'react-hook-form': [ '7.65.0' ],
91 silly audit   'react-is': [ '16.13.1' ],
91 silly audit   'reflect.getprototypeof': [ '1.0.10' ],
91 silly audit   'regexp.prototype.flags': [ '1.5.4' ],
91 silly audit   'resolve-from': [ '4.0.0' ],
91 silly audit   'resolve-pkg-maps': [ '1.0.0' ],
91 silly audit   reusify: [ '1.1.0' ],
91 silly audit   rimraf: [ '3.0.2' ],
91 silly audit   'run-parallel': [ '1.2.0' ],
91 silly audit   rxjs: [ '7.8.2' ],
91 silly audit   'safe-array-concat': [ '1.1.3' ],
91 silly audit   'safe-push-apply': [ '1.0.0' ],
91 silly audit   'safe-regex-test': [ '1.1.0' ],
91 silly audit   scheduler: [ '0.23.2' ],
91 silly audit   'set-function-length': [ '1.2.2' ],
91 silly audit   'set-function-name': [ '2.0.2' ],
91 silly audit   'set-proto': [ '1.0.0' ],
91 silly audit   'shebang-command': [ '2.0.0' ],
91 silly audit   'shebang-regex': [ '3.0.0' ],
91 silly audit   'side-channel': [ '1.1.0' ],
91 silly audit   'side-channel-list': [ '1.0.0' ],
91 silly audit   'side-channel-map': [ '1.0.1' ],
91 silly audit   'side-channel-weakmap': [ '1.0.2' ],
91 silly audit   'signal-exit': [ '4.1.0' ],
91 silly audit   'source-map-js': [ '1.2.1' ],
91 silly audit   'stable-hash': [ '0.0.5' ],
91 silly audit   'stop-iteration-iterator': [ '1.1.0' ],
91 silly audit   streamsearch: [ '1.1.0' ],
91 silly audit   'string-width': [ '5.1.2', '4.2.3' ],
91 silly audit   'string.prototype.includes': [ '2.0.1' ],
91 silly audit   'string.prototype.matchall': [ '4.0.12' ],
91 silly audit   'string.prototype.repeat': [ '1.0.0' ],
91 silly audit   'string.prototype.trim': [ '1.2.10' ],
91 silly audit   'string.prototype.trimend': [ '1.0.9' ],
91 silly audit   'string.prototype.trimstart': [ '1.0.8' ],
91 silly audit   'strip-bom': [ '3.0.0' ],
91 silly audit   'strip-json-comments': [ '3.1.1' ],
91 silly audit   'styled-jsx': [ '5.1.1' ],
91 silly audit   'supports-color': [ '7.2.0' ],
91 silly audit   'supports-preserve-symlinks-flag': [ '1.0.0' ],
91 silly audit   tailwindcss: [ '4.1.16' ],
91 silly audit   tapable: [ '2.3.0' ],
91 silly audit   'text-table': [ '0.2.0' ],
91 silly audit   tinyglobby: [ '0.2.15' ],
91 silly audit   fdir: [ '6.5.0' ],
91 silly audit   'to-regex-range': [ '5.0.1' ],
91 silly audit   'ts-api-utils': [ '2.1.0' ],
91 silly audit   'tsconfig-paths': [ '3.15.0' ],
91 silly audit   tslib: [ '2.8.1' ],
91 silly audit   'type-check': [ '0.4.0' ],
91 silly audit   'type-fest': [ '0.20.2' ],
91 silly audit   'typed-array-buffer': [ '1.0.3' ],
91 silly audit   'typed-array-byte-length': [ '1.0.3' ],
91 silly audit   'typed-array-byte-offset': [ '1.0.4' ],
91 silly audit   'typed-array-length': [ '1.0.7' ],
91 silly audit   typescript: [ '5.9.3' ],
91 silly audit   'unbox-primitive': [ '1.1.0' ],
91 silly audit   'undici-types': [ '6.21.0' ],
91 silly audit   'unrs-resolver': [ '1.11.1' ],
91 silly audit   'update-browserslist-db': [ '1.1.4' ],
91 silly audit   'uri-js': [ '4.4.1' ],
91 silly audit   which: [ '2.0.2' ],
91 silly audit   'which-boxed-primitive': [ '1.1.1' ],
91 silly audit   'which-builtin-type': [ '1.2.1' ],
91 silly audit   'which-collection': [ '1.0.2' ],
91 silly audit   'which-typed-array': [ '1.1.19' ],
91 silly audit   'word-wrap': [ '1.2.5' ],
91 silly audit   'wrap-ansi': [ '8.1.0', '7.0.0' ],
91 silly audit   wrappy: [ '1.0.2' ],
91 silly audit   'yocto-queue': [ '0.1.0' ],
91 silly audit   zod: [ '4.1.12' ],
91 silly audit   '@supabase/supabase-js': [ '2.77.0' ],
91 silly audit   '@supabase/auth-js': [ '2.77.0' ],
91 silly audit   '@supabase/functions-js': [ '2.77.0' ],
91 silly audit   '@supabase/node-fetch': [ '2.6.15' ],
91 silly audit   '@supabase/postgrest-js': [ '2.77.0' ],
91 silly audit   '@supabase/realtime-js': [ '2.77.0' ],
91 silly audit   '@supabase/storage-js': [ '2.77.0' ],
91 silly audit   'whatwg-url': [ '5.0.0' ],
91 silly audit   '@types/phoenix': [ '1.6.6' ],
91 silly audit   '@types/ws': [ '8.18.1' ],
91 silly audit   ws: [ '8.18.3' ],
91 silly audit   tr46: [ '0.0.3' ],
91 silly audit   'webidl-conversions': [ '3.0.1' ],
91 silly audit   '@tailwindcss/oxide-wasm32-wasi': [ '4.1.16' ]
91 silly audit }
92 verbose reify failed optional dependency /Users/sohee/Documents/supabase/node_modules/lightningcss-win32-x64-msvc
93 silly reify mark deleted [
93 silly reify   '/Users/sohee/Documents/supabase/node_modules/lightningcss-win32-x64-msvc'
93 silly reify ]
94 verbose reify failed optional dependency /Users/sohee/Documents/supabase/node_modules/lightningcss-win32-arm64-msvc
95 silly reify mark deleted [
95 silly reify   '/Users/sohee/Documents/supabase/node_modules/lightningcss-win32-arm64-msvc'
95 silly reify ]
96 verbose reify failed optional dependency /Users/sohee/Documents/supabase/node_modules/lightningcss-linux-x64-musl
97 silly reify mark deleted [
97 silly reify   '/Users/sohee/Documents/supabase/node_modules/lightningcss-linux-x64-musl'
97 silly reify ]
98 verbose reify failed optional dependency /Users/sohee/Documents/supabase/node_modules/lightningcss-linux-x64-gnu
99 silly reify mark deleted [
99 silly reify   '/Users/sohee/Documents/supabase/node_modules/lightningcss-linux-x64-gnu'
99 silly reify ]
100 verbose reify failed optional dependency /Users/sohee/Documents/supabase/node_modules/lightningcss-linux-arm64-musl
101 silly reify mark deleted [
101 silly reify   '/Users/sohee/Documents/supabase/node_modules/lightningcss-linux-arm64-musl'
101 silly reify ]
102 verbose reify failed optional dependency /Users/sohee/Documents/supabase/node_modules/lightningcss-linux-arm64-gnu
103 silly reify mark deleted [
103 silly reify   '/Users/sohee/Documents/supabase/node_modules/lightningcss-linux-arm64-gnu'
103 silly reify ]
104 verbose reify failed optional dependency /Users/sohee/Documents/supabase/node_modules/lightningcss-linux-arm-gnueabihf
105 silly reify mark deleted [
105 silly reify   '/Users/sohee/Documents/supabase/node_modules/lightningcss-linux-arm-gnueabihf'
105 silly reify ]
106 verbose reify failed optional dependency /Users/sohee/Documents/supabase/node_modules/lightningcss-freebsd-x64
107 silly reify mark deleted [
107 silly reify   '/Users/sohee/Documents/supabase/node_modules/lightningcss-freebsd-x64'
107 silly reify ]
108 verbose reify failed optional dependency /Users/sohee/Documents/supabase/node_modules/lightningcss-darwin-x64
109 silly reify mark deleted [
109 silly reify   '/Users/sohee/Documents/supabase/node_modules/lightningcss-darwin-x64'
109 silly reify ]
110 verbose reify failed optional dependency /Users/sohee/Documents/supabase/node_modules/lightningcss-android-arm64
111 silly reify mark deleted [
111 silly reify   '/Users/sohee/Documents/supabase/node_modules/lightningcss-android-arm64'
111 silly reify ]
112 verbose reify failed optional dependency /Users/sohee/Documents/supabase/node_modules/@unrs/resolver-binding-win32-x64-msvc
113 silly reify mark deleted [
113 silly reify   '/Users/sohee/Documents/supabase/node_modules/@unrs/resolver-binding-win32-x64-msvc'
113 silly reify ]
114 verbose reify failed optional dependency /Users/sohee/Documents/supabase/node_modules/@unrs/resolver-binding-win32-ia32-msvc
115 silly reify mark deleted [
115 silly reify   '/Users/sohee/Documents/supabase/node_modules/@unrs/resolver-binding-win32-ia32-msvc'
115 silly reify ]
116 verbose reify failed optional dependency /Users/sohee/Documents/supabase/node_modules/@unrs/resolver-binding-win32-arm64-msvc
117 silly reify mark deleted [
117 silly reify   '/Users/sohee/Documents/supabase/node_modules/@unrs/resolver-binding-win32-arm64-msvc'
117 silly reify ]
118 verbose reify failed optional dependency /Users/sohee/Documents/supabase/node_modules/@unrs/resolver-binding-wasm32-wasi
119 silly reify mark deleted [
119 silly reify   '/Users/sohee/Documents/supabase/node_modules/@unrs/resolver-binding-wasm32-wasi'
119 silly reify ]
120 verbose reify failed optional dependency /Users/sohee/Documents/supabase/node_modules/@unrs/resolver-binding-linux-x64-musl
121 silly reify mark deleted [
121 silly reify   '/Users/sohee/Documents/supabase/node_modules/@unrs/resolver-binding-linux-x64-musl'
121 silly reify ]
122 verbose reify failed optional dependency /Users/sohee/Documents/supabase/node_modules/@unrs/resolver-binding-linux-x64-gnu
123 silly reify mark deleted [
123 silly reify   '/Users/sohee/Documents/supabase/node_modules/@unrs/resolver-binding-linux-x64-gnu'
123 silly reify ]
124 verbose reify failed optional dependency /Users/sohee/Documents/supabase/node_modules/@unrs/resolver-binding-linux-s390x-gnu
125 silly reify mark deleted [
125 silly reify   '/Users/sohee/Documents/supabase/node_modules/@unrs/resolver-binding-linux-s390x-gnu'
125 silly reify ]
126 verbose reify failed optional dependency /Users/sohee/Documents/supabase/node_modules/@unrs/resolver-binding-linux-riscv64-musl
127 silly reify mark deleted [
127 silly reify   '/Users/sohee/Documents/supabase/node_modules/@unrs/resolver-binding-linux-riscv64-musl'
127 silly reify ]
128 verbose reify failed optional dependency /Users/sohee/Documents/supabase/node_modules/@unrs/resolver-binding-linux-riscv64-gnu
129 silly reify mark deleted [
129 silly reify   '/Users/sohee/Documents/supabase/node_modules/@unrs/resolver-binding-linux-riscv64-gnu'
129 silly reify ]
130 verbose reify failed optional dependency /Users/sohee/Documents/supabase/node_modules/@unrs/resolver-binding-linux-ppc64-gnu
131 silly reify mark deleted [
131 silly reify   '/Users/sohee/Documents/supabase/node_modules/@unrs/resolver-binding-linux-ppc64-gnu'
131 silly reify ]
132 verbose reify failed optional dependency /Users/sohee/Documents/supabase/node_modules/@unrs/resolver-binding-linux-arm64-musl
133 silly reify mark deleted [
133 silly reify   '/Users/sohee/Documents/supabase/node_modules/@unrs/resolver-binding-linux-arm64-musl'
133 silly reify ]
134 verbose reify failed optional dependency /Users/sohee/Documents/supabase/node_modules/@unrs/resolver-binding-linux-arm64-gnu
135 silly reify mark deleted [
135 silly reify   '/Users/sohee/Documents/supabase/node_modules/@unrs/resolver-binding-linux-arm64-gnu'
135 silly reify ]
136 verbose reify failed optional dependency /Users/sohee/Documents/supabase/node_modules/@unrs/resolver-binding-linux-arm-musleabihf
137 silly reify mark deleted [
137 silly reify   '/Users/sohee/Documents/supabase/node_modules/@unrs/resolver-binding-linux-arm-musleabihf'
137 silly reify ]
138 verbose reify failed optional dependency /Users/sohee/Documents/supabase/node_modules/@unrs/resolver-binding-linux-arm-gnueabihf
139 silly reify mark deleted [
139 silly reify   '/Users/sohee/Documents/supabase/node_modules/@unrs/resolver-binding-linux-arm-gnueabihf'
139 silly reify ]
140 verbose reify failed optional dependency /Users/sohee/Documents/supabase/node_modules/@unrs/resolver-binding-freebsd-x64
141 silly reify mark deleted [
141 silly reify   '/Users/sohee/Documents/supabase/node_modules/@unrs/resolver-binding-freebsd-x64'
141 silly reify ]
142 verbose reify failed optional dependency /Users/sohee/Documents/supabase/node_modules/@unrs/resolver-binding-darwin-x64
143 silly reify mark deleted [
143 silly reify   '/Users/sohee/Documents/supabase/node_modules/@unrs/resolver-binding-darwin-x64'
143 silly reify ]
144 verbose reify failed optional dependency /Users/sohee/Documents/supabase/node_modules/@unrs/resolver-binding-android-arm64
145 silly reify mark deleted [
145 silly reify   '/Users/sohee/Documents/supabase/node_modules/@unrs/resolver-binding-android-arm64'
145 silly reify ]
146 verbose reify failed optional dependency /Users/sohee/Documents/supabase/node_modules/@unrs/resolver-binding-android-arm-eabi
147 silly reify mark deleted [
147 silly reify   '/Users/sohee/Documents/supabase/node_modules/@unrs/resolver-binding-android-arm-eabi'
147 silly reify ]
148 verbose reify failed optional dependency /Users/sohee/Documents/supabase/node_modules/@tailwindcss/oxide-win32-x64-msvc
149 silly reify mark deleted [
149 silly reify   '/Users/sohee/Documents/supabase/node_modules/@tailwindcss/oxide-win32-x64-msvc'
149 silly reify ]
150 verbose reify failed optional dependency /Users/sohee/Documents/supabase/node_modules/@tailwindcss/oxide-win32-arm64-msvc
151 silly reify mark deleted [
151 silly reify   '/Users/sohee/Documents/supabase/node_modules/@tailwindcss/oxide-win32-arm64-msvc'
151 silly reify ]
152 verbose reify failed optional dependency /Users/sohee/Documents/supabase/node_modules/@tailwindcss/oxide-linux-x64-musl
153 silly reify mark deleted [
153 silly reify   '/Users/sohee/Documents/supabase/node_modules/@tailwindcss/oxide-linux-x64-musl'
153 silly reify ]
154 verbose reify failed optional dependency /Users/sohee/Documents/supabase/node_modules/@tailwindcss/oxide-linux-x64-gnu
155 silly reify mark deleted [
155 silly reify   '/Users/sohee/Documents/supabase/node_modules/@tailwindcss/oxide-linux-x64-gnu'
155 silly reify ]
156 verbose reify failed optional dependency /Users/sohee/Documents/supabase/node_modules/@tailwindcss/oxide-linux-arm64-musl
157 silly reify mark deleted [
157 silly reify   '/Users/sohee/Documents/supabase/node_modules/@tailwindcss/oxide-linux-arm64-musl'
157 silly reify ]
158 verbose reify failed optional dependency /Users/sohee/Documents/supabase/node_modules/@tailwindcss/oxide-linux-arm64-gnu
159 silly reify mark deleted [
159 silly reify   '/Users/sohee/Documents/supabase/node_modules/@tailwindcss/oxide-linux-arm64-gnu'
159 silly reify ]
160 verbose reify failed optional dependency /Users/sohee/Documents/supabase/node_modules/@tailwindcss/oxide-linux-arm-gnueabihf
161 silly reify mark deleted [
161 silly reify   '/Users/sohee/Documents/supabase/node_modules/@tailwindcss/oxide-linux-arm-gnueabihf'
161 silly reify ]
162 verbose reify failed optional dependency /Users/sohee/Documents/supabase/node_modules/@tailwindcss/oxide-freebsd-x64
163 silly reify mark deleted [
163 silly reify   '/Users/sohee/Documents/supabase/node_modules/@tailwindcss/oxide-freebsd-x64'
163 silly reify ]
164 verbose reify failed optional dependency /Users/sohee/Documents/supabase/node_modules/@tailwindcss/oxide-darwin-x64
165 silly reify mark deleted [
165 silly reify   '/Users/sohee/Documents/supabase/node_modules/@tailwindcss/oxide-darwin-x64'
165 silly reify ]
166 verbose reify failed optional dependency /Users/sohee/Documents/supabase/node_modules/@tailwindcss/oxide-android-arm64
167 silly reify mark deleted [
167 silly reify   '/Users/sohee/Documents/supabase/node_modules/@tailwindcss/oxide-android-arm64'
167 silly reify ]
168 verbose reify failed optional dependency /Users/sohee/Documents/supabase/node_modules/@next/swc-win32-x64-msvc
169 silly reify mark deleted [
169 silly reify   '/Users/sohee/Documents/supabase/node_modules/@next/swc-win32-x64-msvc'
169 silly reify ]
170 verbose reify failed optional dependency /Users/sohee/Documents/supabase/node_modules/@next/swc-win32-ia32-msvc
171 silly reify mark deleted [
171 silly reify   '/Users/sohee/Documents/supabase/node_modules/@next/swc-win32-ia32-msvc'
171 silly reify ]
172 verbose reify failed optional dependency /Users/sohee/Documents/supabase/node_modules/@next/swc-win32-arm64-msvc
173 silly reify mark deleted [
173 silly reify   '/Users/sohee/Documents/supabase/node_modules/@next/swc-win32-arm64-msvc'
173 silly reify ]
174 verbose reify failed optional dependency /Users/sohee/Documents/supabase/node_modules/@next/swc-linux-x64-musl
175 silly reify mark deleted [
175 silly reify   '/Users/sohee/Documents/supabase/node_modules/@next/swc-linux-x64-musl'
175 silly reify ]
176 verbose reify failed optional dependency /Users/sohee/Documents/supabase/node_modules/@next/swc-linux-x64-gnu
177 silly reify mark deleted [
177 silly reify   '/Users/sohee/Documents/supabase/node_modules/@next/swc-linux-x64-gnu'
177 silly reify ]
178 verbose reify failed optional dependency /Users/sohee/Documents/supabase/node_modules/@next/swc-linux-arm64-musl
179 silly reify mark deleted [
179 silly reify   '/Users/sohee/Documents/supabase/node_modules/@next/swc-linux-arm64-musl'
179 silly reify ]
180 verbose reify failed optional dependency /Users/sohee/Documents/supabase/node_modules/@next/swc-linux-arm64-gnu
181 silly reify mark deleted [
181 silly reify   '/Users/sohee/Documents/supabase/node_modules/@next/swc-linux-arm64-gnu'
181 silly reify ]
182 verbose reify failed optional dependency /Users/sohee/Documents/supabase/node_modules/@next/swc-darwin-x64
183 silly reify mark deleted [ '/Users/sohee/Documents/supabase/node_modules/@next/swc-darwin-x64' ]
184 http cache webidl-conversions@https://registry.npmjs.org/webidl-conversions/-/webidl-conversions-3.0.1.tgz 0ms (cache hit)
185 http cache tr46@https://registry.npmjs.org/tr46/-/tr46-0.0.3.tgz 0ms (cache hit)
186 http cache @types/ws@https://registry.npmjs.org/@types/ws/-/ws-8.18.1.tgz 0ms (cache hit)
187 http cache @types/phoenix@https://registry.npmjs.org/@types/phoenix/-/phoenix-1.6.6.tgz 0ms (cache hit)
188 http cache whatwg-url@https://registry.npmjs.org/whatwg-url/-/whatwg-url-5.0.0.tgz 0ms (cache hit)
189 http cache @supabase/storage-js@https://registry.npmjs.org/@supabase/storage-js/-/storage-js-2.77.0.tgz 0ms (cache hit)
190 http cache ws@https://registry.npmjs.org/ws/-/ws-8.18.3.tgz 0ms (cache hit)
191 http cache @supabase/realtime-js@https://registry.npmjs.org/@supabase/realtime-js/-/realtime-js-2.77.0.tgz 0ms (cache hit)
192 http cache @supabase/postgrest-js@https://registry.npmjs.org/@supabase/postgrest-js/-/postgrest-js-2.77.0.tgz 0ms (cache hit)
193 http cache @supabase/node-fetch@https://registry.npmjs.org/@supabase/node-fetch/-/node-fetch-2.6.15.tgz 0ms (cache hit)
194 http cache @supabase/functions-js@https://registry.npmjs.org/@supabase/functions-js/-/functions-js-2.77.0.tgz 0ms (cache hit)
195 http cache @supabase/auth-js@https://registry.npmjs.org/@supabase/auth-js/-/auth-js-2.77.0.tgz 0ms (cache hit)
196 http cache @supabase/supabase-js@https://registry.npmjs.org/@supabase/supabase-js/-/supabase-js-2.77.0.tgz 0ms (cache hit)
197 http cache fsevents@https://registry.npmjs.org/fsevents/-/fsevents-2.3.2.tgz 0ms (cache hit)
198 silly tarball no local data for webidl-conversions@https://registry.npmjs.org/webidl-conversions/-/webidl-conversions-3.0.1.tgz. Extracting by manifest.
199 silly tarball no local data for tr46@https://registry.npmjs.org/tr46/-/tr46-0.0.3.tgz. Extracting by manifest.
200 silly tarball no local data for @types/ws@https://registry.npmjs.org/@types/ws/-/ws-8.18.1.tgz. Extracting by manifest.
201 silly tarball no local data for @types/phoenix@https://registry.npmjs.org/@types/phoenix/-/phoenix-1.6.6.tgz. Extracting by manifest.
202 silly tarball no local data for whatwg-url@https://registry.npmjs.org/whatwg-url/-/whatwg-url-5.0.0.tgz. Extracting by manifest.
203 silly tarball no local data for @supabase/storage-js@https://registry.npmjs.org/@supabase/storage-js/-/storage-js-2.77.0.tgz. Extracting by manifest.
204 silly tarball no local data for ws@https://registry.npmjs.org/ws/-/ws-8.18.3.tgz. Extracting by manifest.
205 silly tarball no local data for @supabase/realtime-js@https://registry.npmjs.org/@supabase/realtime-js/-/realtime-js-2.77.0.tgz. Extracting by manifest.
206 silly tarball no local data for @supabase/postgrest-js@https://registry.npmjs.org/@supabase/postgrest-js/-/postgrest-js-2.77.0.tgz. Extracting by manifest.
207 silly tarball no local data for @supabase/node-fetch@https://registry.npmjs.org/@supabase/node-fetch/-/node-fetch-2.6.15.tgz. Extracting by manifest.
208 silly tarball no local data for @supabase/functions-js@https://registry.npmjs.org/@supabase/functions-js/-/functions-js-2.77.0.tgz. Extracting by manifest.
209 silly tarball no local data for @supabase/auth-js@https://registry.npmjs.org/@supabase/auth-js/-/auth-js-2.77.0.tgz. Extracting by manifest.
210 silly tarball no local data for @supabase/supabase-js@https://registry.npmjs.org/@supabase/supabase-js/-/supabase-js-2.77.0.tgz. Extracting by manifest.
211 silly tarball no local data for fsevents@https://registry.npmjs.org/fsevents/-/fsevents-2.3.2.tgz. Extracting by manifest.
212 http fetch GET 200 https://registry.npmjs.org/whatwg-url/-/whatwg-url-5.0.0.tgz 46ms (cache miss)
213 http fetch GET 200 https://registry.npmjs.org/@types/phoenix/-/phoenix-1.6.6.tgz 46ms (cache miss)
214 http fetch GET 200 https://registry.npmjs.org/webidl-conversions/-/webidl-conversions-3.0.1.tgz 46ms (cache miss)
215 http fetch GET 200 https://registry.npmjs.org/tr46/-/tr46-0.0.3.tgz 48ms (cache miss)
216 http fetch GET 200 https://registry.npmjs.org/@types/ws/-/ws-8.18.1.tgz 68ms (cache miss)
217 http fetch GET 200 https://registry.npmjs.org/fsevents/-/fsevents-2.3.2.tgz 74ms (cache miss)
218 http fetch GET 200 https://registry.npmjs.org/ws/-/ws-8.18.3.tgz 82ms (cache miss)
219 http fetch GET 200 https://registry.npmjs.org/@supabase/supabase-js/-/supabase-js-2.77.0.tgz 111ms (cache miss)
220 http fetch GET 200 https://registry.npmjs.org/@supabase/node-fetch/-/node-fetch-2.6.15.tgz 135ms (cache miss)
221 http fetch GET 200 https://registry.npmjs.org/@supabase/functions-js/-/functions-js-2.77.0.tgz 136ms (cache miss)
222 http fetch GET 200 https://registry.npmjs.org/@supabase/postgrest-js/-/postgrest-js-2.77.0.tgz 144ms (cache miss)
223 http fetch GET 200 https://registry.npmjs.org/@supabase/realtime-js/-/realtime-js-2.77.0.tgz 148ms (cache miss)
224 http fetch GET 200 https://registry.npmjs.org/@supabase/storage-js/-/storage-js-2.77.0.tgz 153ms (cache miss)
225 http fetch GET 200 https://registry.npmjs.org/@supabase/auth-js/-/auth-js-2.77.0.tgz 154ms (cache miss)
226 http fetch POST 200 https://registry.npmjs.org/-/npm/v1/security/advisories/bulk 199ms
227 silly audit report {}
228 silly ADD node_modules/webidl-conversions
229 silly ADD node_modules/tr46
230 silly ADD node_modules/ws
231 silly ADD node_modules/@types/ws
232 silly ADD node_modules/@types/phoenix
233 silly ADD node_modules/whatwg-url
234 silly ADD node_modules/@supabase/storage-js
235 silly ADD node_modules/@supabase/realtime-js
236 silly ADD node_modules/@supabase/postgrest-js
237 silly ADD node_modules/@supabase/node-fetch
238 silly ADD node_modules/@supabase/functions-js
239 silly ADD node_modules/@supabase/auth-js
240 silly ADD node_modules/@supabase/supabase-js
241 silly ADD
242 silly ADD
243 silly ADD
244 silly ADD
245 silly ADD
246 silly ADD
247 silly ADD
248 silly ADD
249 silly ADD
250 silly ADD
251 silly ADD node_modules/fsevents
252 silly ADD
253 silly ADD
254 silly ADD
255 silly ADD
256 silly ADD
257 silly ADD
258 silly ADD
259 silly ADD
260 silly ADD
261 silly ADD
262 silly ADD
263 silly ADD
264 silly ADD
265 silly ADD
266 silly ADD
267 silly ADD
268 silly ADD
269 silly ADD
270 silly ADD
271 silly ADD
272 silly ADD
273 silly ADD
274 silly ADD
275 silly ADD
276 silly ADD
277 silly ADD
278 silly ADD
279 silly ADD
280 silly ADD
281 silly ADD
282 silly ADD
283 silly ADD
284 silly ADD
285 silly ADD
286 silly ADD
287 silly ADD
288 silly ADD
289 verbose cwd /Users/sohee/Documents/supabase
290 verbose os Darwin 24.6.0
291 verbose node v22.19.0
292 verbose npm  v10.9.3
293 notice
293 notice New major version of npm available! 10.9.3 -> 11.6.2
293 notice Changelog: https://github.com/npm/cli/releases/tag/v11.6.2
293 notice To update run: npm install -g npm@11.6.2
293 notice  { force: true, [Symbol(proc-log.meta)]: true }
294 verbose exit 0
295 info ok
